{"numTotalTestSuites":42,"numPassedTestSuites":0,"numFailedTestSuites":42,"numPendingTestSuites":0,"numTotalTests":0,"numPassedTests":0,"numFailedTests":0,"numPendingTests":0,"numTodoTests":0,"snapshot":{"added":0,"failure":false,"filesAdded":0,"filesRemoved":0,"filesRemovedList":[],"filesUnmatched":0,"filesUpdated":0,"matched":0,"total":0,"unchecked":0,"uncheckedKeysByFile":[],"unmatched":0,"updated":0,"didUpdate":false},"startTime":1771930111176,"success":false,"testResults":[{"assertionResults":[],"startTime":1771930111176,"endTime":1771930111176,"status":"failed","message":"Playwright Test did not expect test() to be called here.\nMost common reasons include:\n- You are calling test() in a configuration file.\n- You are calling test() in a file that is imported by the configuration file.\n- You have two different versions of @playwright/test. This usually happens\n  when one of the dependencies in your package.json depends on @playwright/test.","name":"C:/Users/Gaurav/Buzzma/MOBO/e2e/admin.realtime.spec.ts"},{"assertionResults":[],"startTime":1771930111176,"endTime":1771930111176,"status":"failed","message":"Playwright Test did not expect test() to be called here.\nMost common reasons include:\n- You are calling test() in a configuration file.\n- You are calling test() in a file that is imported by the configuration file.\n- You have two different versions of @playwright/test. This usually happens\n  when one of the dependencies in your package.json depends on @playwright/test.","name":"C:/Users/Gaurav/Buzzma/MOBO/e2e/admin.security.api.spec.ts"},{"assertionResults":[],"startTime":1771930111176,"endTime":1771930111176,"status":"failed","message":"Playwright Test did not expect test() to be called here.\nMost common reasons include:\n- You are calling test() in a configuration file.\n- You are calling test() in a file that is imported by the configuration file.\n- You have two different versions of @playwright/test. This usually happens\n  when one of the dependencies in your package.json depends on @playwright/test.","name":"C:/Users/Gaurav/Buzzma/MOBO/e2e/admin.smoke.spec.ts"},{"assertionResults":[],"startTime":1771930111176,"endTime":1771930111176,"status":"failed","message":"Playwright Test did not expect test.describe.configure() to be called here.\nMost common reasons include:\n- You are calling test.describe.configure() in a configuration file.\n- You are calling test.describe.configure() in a file that is imported by the configuration file.\n- You have two different versions of @playwright/test. This usually happens\n  when one of the dependencies in your package.json depends on @playwright/test.","name":"C:/Users/Gaurav/Buzzma/MOBO/e2e/admin.users.spec.ts"},{"assertionResults":[],"startTime":1771930111176,"endTime":1771930111176,"status":"failed","message":"Playwright Test did not expect test() to be called here.\nMost common reasons include:\n- You are calling test() in a configuration file.\n- You are calling test() in a file that is imported by the configuration file.\n- You have two different versions of @playwright/test. This usually happens\n  when one of the dependencies in your package.json depends on @playwright/test.","name":"C:/Users/Gaurav/Buzzma/MOBO/e2e/agency.inventory.spec.ts"},{"assertionResults":[],"startTime":1771930111176,"endTime":1771930111176,"status":"failed","message":"Playwright Test did not expect test() to be called here.\nMost common reasons include:\n- You are calling test() in a configuration file.\n- You are calling test() in a file that is imported by the configuration file.\n- You have two different versions of @playwright/test. This usually happens\n  when one of the dependencies in your package.json depends on @playwright/test.","name":"C:/Users/Gaurav/Buzzma/MOBO/e2e/agency.security.api.spec.ts"},{"assertionResults":[],"startTime":1771930111176,"endTime":1771930111176,"status":"failed","message":"Playwright Test did not expect test() to be called here.\nMost common reasons include:\n- You are calling test() in a configuration file.\n- You are calling test() in a file that is imported by the configuration file.\n- You have two different versions of @playwright/test. This usually happens\n  when one of the dependencies in your package.json depends on @playwright/test.","name":"C:/Users/Gaurav/Buzzma/MOBO/e2e/agency.smoke.spec.ts"},{"assertionResults":[],"startTime":1771930111176,"endTime":1771930111176,"status":"failed","message":"Playwright Test did not expect test() to be called here.\nMost common reasons include:\n- You are calling test() in a configuration file.\n- You are calling test() in a file that is imported by the configuration file.\n- You have two different versions of @playwright/test. This usually happens\n  when one of the dependencies in your package.json depends on @playwright/test.","name":"C:/Users/Gaurav/Buzzma/MOBO/e2e/brand.connection.spec.ts"},{"assertionResults":[],"startTime":1771930111176,"endTime":1771930111176,"status":"failed","message":"Playwright Test did not expect test.describe.configure() to be called here.\nMost common reasons include:\n- You are calling test.describe.configure() in a configuration file.\n- You are calling test.describe.configure() in a file that is imported by the configuration file.\n- You have two different versions of @playwright/test. This usually happens\n  when one of the dependencies in your package.json depends on @playwright/test.","name":"C:/Users/Gaurav/Buzzma/MOBO/e2e/brand.orders.spec.ts"},{"assertionResults":[],"startTime":1771930111176,"endTime":1771930111176,"status":"failed","message":"Playwright Test did not expect test() to be called here.\nMost common reasons include:\n- You are calling test() in a configuration file.\n- You are calling test() in a file that is imported by the configuration file.\n- You have two different versions of @playwright/test. This usually happens\n  when one of the dependencies in your package.json depends on @playwright/test.","name":"C:/Users/Gaurav/Buzzma/MOBO/e2e/brand.payout-ledger.spec.ts"},{"assertionResults":[],"startTime":1771930111176,"endTime":1771930111176,"status":"failed","message":"Playwright Test did not expect test() to be called here.\nMost common reasons include:\n- You are calling test() in a configuration file.\n- You are calling test() in a file that is imported by the configuration file.\n- You have two different versions of @playwright/test. This usually happens\n  when one of the dependencies in your package.json depends on @playwright/test.","name":"C:/Users/Gaurav/Buzzma/MOBO/e2e/brand.security.api.spec.ts"},{"assertionResults":[],"startTime":1771930111176,"endTime":1771930111176,"status":"failed","message":"Playwright Test did not expect test() to be called here.\nMost common reasons include:\n- You are calling test() in a configuration file.\n- You are calling test() in a file that is imported by the configuration file.\n- You have two different versions of @playwright/test. This usually happens\n  when one of the dependencies in your package.json depends on @playwright/test.","name":"C:/Users/Gaurav/Buzzma/MOBO/e2e/brand.smoke.spec.ts"},{"assertionResults":[],"startTime":1771930111176,"endTime":1771930111176,"status":"failed","message":"Playwright Test did not expect test() to be called here.\nMost common reasons include:\n- You are calling test() in a configuration file.\n- You are calling test() in a file that is imported by the configuration file.\n- You have two different versions of @playwright/test. This usually happens\n  when one of the dependencies in your package.json depends on @playwright/test.","name":"C:/Users/Gaurav/Buzzma/MOBO/e2e/buyer.create-order.spec.ts"},{"assertionResults":[],"startTime":1771930111176,"endTime":1771930111176,"status":"failed","message":"Playwright Test did not expect test() to be called here.\nMost common reasons include:\n- You are calling test() in a configuration file.\n- You are calling test() in a file that is imported by the configuration file.\n- You have two different versions of @playwright/test. This usually happens\n  when one of the dependencies in your package.json depends on @playwright/test.","name":"C:/Users/Gaurav/Buzzma/MOBO/e2e/buyer.login-and-explore.spec.ts"},{"assertionResults":[],"startTime":1771930111176,"endTime":1771930111176,"status":"failed","message":"Playwright Test did not expect test() to be called here.\nMost common reasons include:\n- You are calling test() in a configuration file.\n- You are calling test() in a file that is imported by the configuration file.\n- You have two different versions of @playwright/test. This usually happens\n  when one of the dependencies in your package.json depends on @playwright/test.","name":"C:/Users/Gaurav/Buzzma/MOBO/e2e/buyer.security.api.spec.ts"},{"assertionResults":[],"startTime":1771930111176,"endTime":1771930111176,"status":"failed","message":"Playwright Test did not expect test() to be called here.\nMost common reasons include:\n- You are calling test() in a configuration file.\n- You are calling test() in a file that is imported by the configuration file.\n- You have two different versions of @playwright/test. This usually happens\n  when one of the dependencies in your package.json depends on @playwright/test.","name":"C:/Users/Gaurav/Buzzma/MOBO/e2e/lifecycle.verify-settle.api.spec.ts"},{"assertionResults":[],"startTime":1771930111176,"endTime":1771930111176,"status":"failed","message":"Playwright Test did not expect test() to be called here.\nMost common reasons include:\n- You are calling test() in a configuration file.\n- You are calling test() in a file that is imported by the configuration file.\n- You have two different versions of @playwright/test. This usually happens\n  when one of the dependencies in your package.json depends on @playwright/test.","name":"C:/Users/Gaurav/Buzzma/MOBO/e2e/mediator.security.api.spec.ts"},{"assertionResults":[],"startTime":1771930111176,"endTime":1771930111176,"status":"failed","message":"Playwright Test did not expect test() to be called here.\nMost common reasons include:\n- You are calling test() in a configuration file.\n- You are calling test() in a file that is imported by the configuration file.\n- You have two different versions of @playwright/test. This usually happens\n  when one of the dependencies in your package.json depends on @playwright/test.","name":"C:/Users/Gaurav/Buzzma/MOBO/e2e/mediator.smoke.spec.ts"},{"assertionResults":[],"startTime":1771930111176,"endTime":1771930111176,"status":"failed","message":"Playwright Test did not expect test() to be called here.\nMost common reasons include:\n- You are calling test() in a configuration file.\n- You are calling test() in a file that is imported by the configuration file.\n- You have two different versions of @playwright/test. This usually happens\n  when one of the dependencies in your package.json depends on @playwright/test.","name":"C:/Users/Gaurav/Buzzma/MOBO/e2e/mediator.verify-proof.spec.ts"},{"assertionResults":[],"startTime":1771930111176,"endTime":1771930111176,"status":"failed","message":"describe is not defined","name":"C:/Users/Gaurav/Buzzma/MOBO/backend/tests/admin.invites.spec.ts"},{"assertionResults":[],"startTime":1771930111176,"endTime":1771930111176,"status":"failed","message":"describe is not defined","name":"C:/Users/Gaurav/Buzzma/MOBO/backend/tests/ai.routes.spec.ts"},{"assertionResults":[],"startTime":1771930111176,"endTime":1771930111176,"status":"failed","message":"describe is not defined","name":"C:/Users/Gaurav/Buzzma/MOBO/backend/tests/ai.spec.ts"},{"assertionResults":[],"startTime":1771930111176,"endTime":1771930111176,"status":"failed","message":"describe is not defined","name":"C:/Users/Gaurav/Buzzma/MOBO/backend/tests/auth.register.spec.ts"},{"assertionResults":[],"startTime":1771930111176,"endTime":1771930111176,"status":"failed","message":"describe is not defined","name":"C:/Users/Gaurav/Buzzma/MOBO/backend/tests/auth.spec.ts"},{"assertionResults":[],"startTime":1771930111176,"endTime":1771930111176,"status":"failed","message":"describe is not defined","name":"C:/Users/Gaurav/Buzzma/MOBO/backend/tests/bad-json.spec.ts"},{"assertionResults":[],"startTime":1771930111176,"endTime":1771930111176,"status":"failed","message":"describe is not defined","name":"C:/Users/Gaurav/Buzzma/MOBO/backend/tests/brand.payouts.spec.ts"},{"assertionResults":[],"startTime":1771930111176,"endTime":1771930111176,"status":"failed","message":"describe is not defined","name":"C:/Users/Gaurav/Buzzma/MOBO/backend/tests/campaign.assign-slots.spec.ts"},{"assertionResults":[],"startTime":1771930111176,"endTime":1771930111176,"status":"failed","message":"describe is not defined","name":"C:/Users/Gaurav/Buzzma/MOBO/backend/tests/cors.origins.spec.ts"},{"assertionResults":[],"startTime":1771930111176,"endTime":1771930111176,"status":"failed","message":"describe is not defined","name":"C:/Users/Gaurav/Buzzma/MOBO/backend/tests/deals.publish.spec.ts"},{"assertionResults":[],"startTime":1771930111176,"endTime":1771930111176,"status":"failed","message":"describe is not defined","name":"C:/Users/Gaurav/Buzzma/MOBO/backend/tests/errors.production.spec.ts"},{"assertionResults":[],"startTime":1771930111176,"endTime":1771930111176,"status":"failed","message":"describe is not defined","name":"C:/Users/Gaurav/Buzzma/MOBO/backend/tests/extraction.spec.ts"},{"assertionResults":[],"startTime":1771930111176,"endTime":1771930111176,"status":"failed","message":"describe is not defined","name":"C:/Users/Gaurav/Buzzma/MOBO/backend/tests/health.spec.ts"},{"assertionResults":[],"startTime":1771930111176,"endTime":1771930111176,"status":"failed","message":"describe is not defined","name":"C:/Users/Gaurav/Buzzma/MOBO/backend/tests/invites.delete.spec.ts"},{"assertionResults":[],"startTime":1771930111176,"endTime":1771930111176,"status":"failed","message":"describe is not defined","name":"C:/Users/Gaurav/Buzzma/MOBO/backend/tests/mediator.pending-approval.spec.ts"},{"assertionResults":[],"startTime":1771930111176,"endTime":1771930111176,"status":"failed","message":"describe is not defined","name":"C:/Users/Gaurav/Buzzma/MOBO/backend/tests/mongoPlaceholder.spec.ts"},{"assertionResults":[],"startTime":1771930111176,"endTime":1771930111176,"status":"failed","message":"describe is not defined","name":"C:/Users/Gaurav/Buzzma/MOBO/backend/tests/order.step-verification.spec.ts"},{"assertionResults":[],"startTime":1771930111176,"endTime":1771930111176,"status":"failed","message":"describe is not defined","name":"C:/Users/Gaurav/Buzzma/MOBO/backend/tests/orders.products.ops.brand.spec.ts"},{"assertionResults":[],"startTime":1771930111176,"endTime":1771930111176,"status":"failed","message":"describe is not defined","name":"C:/Users/Gaurav/Buzzma/MOBO/backend/tests/rbac.policy.spec.ts"},{"assertionResults":[],"startTime":1771930111176,"endTime":1771930111176,"status":"failed","message":"describe is not defined","name":"C:/Users/Gaurav/Buzzma/MOBO/backend/tests/realtime.health.spec.ts"},{"assertionResults":[],"startTime":1771930111176,"endTime":1771930111176,"status":"failed","message":"describe is not defined","name":"C:/Users/Gaurav/Buzzma/MOBO/backend/tests/seed.admin.spec.ts"},{"assertionResults":[],"startTime":1771930111176,"endTime":1771930111176,"status":"failed","message":"describe is not defined","name":"C:/Users/Gaurav/Buzzma/MOBO/backend/tests/smoke.spec.ts"},{"assertionResults":[],"startTime":1771930111176,"endTime":1771930111176,"status":"failed","message":"describe is not defined","name":"C:/Users/Gaurav/Buzzma/MOBO/backend/tests/tickets.routes.spec.ts"}]}